<?xml version="1.0" encoding="utf-8"?>
<TestRun id="8583db56-adf8-444c-92b4-45fe346ff6e2" name="nainf@NAINFINIWARE 2026-09-16 10:40:05" runUser="NAINFINIWARE\nainf" xmlns="http://microsoft.com/schemas/VisualStudio/TeamTest/2010">
  <Times creation="2026-09-16T10:40:05.2390642-04:00" queuing="2026-09-16T10:40:05.2390654-04:00" start="2026-09-16T10:40:03.1716775-04:00" finish="2026-09-16T10:40:05.2430535-04:00" />
  <TestSettings name="default" id="eac43632-1117-4da2-95b3-d177fc708d3e">
    <Deployment runDeploymentRoot="nainf_NAINFINIWARE_2026-09-16_10_40_05" />
  </TestSettings>
  <Results>
    <UnitTestResult executionId="9e78011f-feba-421a-b886-89a8c98c74b8" testId="5982a76d-23d2-ebc6-88e4-b68e1f0b6f8b" testName="ForgeMap.Tests.MapNativeLayout.MapNativeLayoutTests.map_native_layout_checks_all_pass" computerName="NAINFINIWARE" duration="00:00:01.4579255" startTime="2026-09-16T10:40:03.6934908-04:00" endTime="2026-09-16T10:40:05.1637356-04:00" testType="13cdc9d9-ddb5-4fa4-a97d-d965ccfc6d4b" outcome="Failed" testListId="8c84fa94-04c1-424b-9868-57a2d4851a1d" relativeResultsDirectory="9e78011f-feba-421a-b886-89a8c98c74b8">
      <Output>
        <ErrorInfo>
          <Message>native.no-update-loop:  | native.single-provider-source:  | native.account-lookup-never-formatted:  | native.declared-writes-exact: declared=9 actual=8 missing=System.Void LevelGeneration.LG_SecurityDoor_Locks::SetActiveEnemyWaveEnabled(System.Boolean) extra= | native.game-writes-are-declared: AgentModifierManager::AddSyncedModifierValue, AgentModifierManager::ClearSyncedModifierChange, Agents.AgentReplicatedActions::PlayerReviveAction, ChainedPuzzles.ChainedPuzzleInstance::AttemptInteract, ChainedPuzzles.ChainedPuzzleInstance::MasterActivate, ChainedPuzzles.ChainedPuzzleInstance::MasterDeactivate, ChainedPuzzles.ChainedPuzzleInstance::NRofPuzzles, Dam_PlayerDamageBase::ModifyInfection, Dam_SyncedDamageBase::BulletDamage, Dam_SyncedDamageBase::SendSetDead, ElevatorShaftLanding::ActivateWinCondition, ElevatorShaftLanding::DeactivateWinCondition, EnvironmentStateManager::GetCurrentFogID, EnvironmentStateManager::GetLightMode, GameData.GameDataBlockBase`1::GetAllBlocks, GameData.GameDataBlockBase`1::GetBlock, GameData.WardenObjectiveEventData::.ctor, GameData.WardenObjectiveEventData::set_Condition, GameData.WardenObjectiveEventData::set_Count, GameData.WardenObjectiveEventData::set_DialogueID, GameData.WardenObjectiveEventData::set_DimensionIndex, GameData.WardenObjectiveEventData::set_Duration, GameData.WardenObjectiveEventData::set_Enabled, GameData.WardenObjectiveEventData::set_FogSetting, GameData.WardenObjectiveEventData::set_FogTransitionDuration, GameData.WardenObjectiveEventData::set_Layer, GameData.WardenObjectiveEventData::set_LocalIndex, GameData.WardenObjectiveEventData::set_Position, GameData.WardenObjectiveEventData::set_SoundID, GameData.WardenObjectiveEventData::set_SoundSubtitle, GameData.WardenObjectiveEventData::set_SustainedEventDelay, GameData.WardenObjectiveEventData::set_SustainedEventSlotIndex, GameData.WardenObjectiveEventData::set_SustainedEventStateCount, GameData.WardenObjectiveEventData::set_SustainedEventStateDuration, GameData.WardenObjectiveEventData::set_Type, GameData.WardenObjectiveEventData::set_WardenIntel, GameData.WardenObjectiveEventData::set_WorldEventObjectFilter, GameData.WorldEventConditionPair::.ctor, GameData.WorldEventConditionPair::set_ConditionIndex, GlobalZoneIndex::.ctor, Il2CppSystem.Collections.Generic.HashSet`1::Contains, ItemEquippable::GetClassAmmoInPackAbs, ItemEquippable::GetClassAmmoMaxCap, ItemEquippable::GetCurrentClip, ItemEquippable::GetMaxClip, LevelGeneration.LG_ComputerTerminal::CommandIsHidden, LevelGeneration.LG_ComputerTerminal::TrySyncSetCommandHidden, LevelGeneration.LG_ComputerTerminal::TrySyncSetCommandShow, LevelGeneration.LG_Door_Sync::AttemptDoorInteraction, LevelGeneration.LG_SecurityDoor::SetupSimpleLock, Localization.LocalizedText::.ctor, Mastermind::TriggerSurvivalWave, PUI_LocalPlayerStatus::UpdateShield, PlaceNavMarkerOnGO::set_m_extraInfoVisible, Player.PlayerAgent::RequestWarpToSync, Player.PlayerAgent::SampleWarpPosition, Player.PlayerBackpackManager::TryGetBackpack, Player.PlayerVoiceManager::WantToSay, SNetwork.SNetStructs/pPlayer::TryGetPlayer, TMPro.TMP_Text::SetText, TMPro.TMP_Text::set_alignment, TMPro.TMP_Text::set_enableAutoSizing, TMPro.TMP_Text::set_enableVertexGradient, TMPro.TMP_Text::set_margin, TMPro.TMP_Text::set_overflowMode, TMPro.TMP_Text::set_overrideColorTags, TMPro.TMP_Text::set_richText, UnityEngine.Color::.ctor, UnityEngine.GameObject::GetComponent, UnityEngine.GameObject::SetActive, UnityEngine.Object::Destroy, UnityEngine.Object::GetInstanceID, UnityEngine.Object::Instantiate, UnityEngine.Object::set_name, UnityEngine.RectTransform::set_anchorMax, UnityEngine.RectTransform::set_anchorMin, UnityEngine.RectTransform::set_anchoredPosition, UnityEngine.RectTransform::set_pivot, UnityEngine.Transform::set_localPosition, UnityEngine.Transform::set_localRotation, UnityEngine.Transform::set_localScale, UnityEngine.UI.Graphic::set_color, UnityEngine.Vector2::.ctor, UnityEngine.Vector3::.ctor, WardenObjectiveManager::AttemptInteract, WardenObjectiveManager::ForceCompleteObjectiveAll, WardenObjectiveManager::HasWardenObjectiveDataForLayer, WardenObjectiveManager::SetExtraTime, WardenObjectiveManager::TryGetWardenObjective, WorldEventManager::ExecuteEvent | native.writes-live-in-the-action-layer: DoorActions, DoorTerminalActions, PlayerHealthReceiver, TerminalActions | native.reads-are-declared: AgentModifierManager::AddSyncedModifierValue, AgentModifierManager::ClearSyncedModifierChange, ChainedPuzzles.ChainedPuzzleInstance::AttemptInteract, ChainedPuzzles.ChainedPuzzleInstance::MasterActivate, ChainedPuzzles.ChainedPuzzleInstance::MasterDeactivate, ChainedPuzzles.ChainedPuzzleInstance::NRofPuzzles, ChainedPuzzles.ChainedPuzzleInstance::get_Data, ChainedPuzzles.ChainedPuzzleInstance::get_IsActive, ChainedPuzzles.ChainedPuzzleInstance::get_IsSolved, ChainedPuzzles.ChainedPuzzleInstance::get_m_puzzleUID, ChainedPuzzles.ChainedPuzzleManager::get_Current, ChainedPuzzles.ChainedPuzzleManager::get_m_instances, ElevatorShaftLanding::ActivateWinCondition, ElevatorShaftLanding::DeactivateWinCondition, ElevatorShaftLanding::get_Current, EnvironmentStateManager::GetCurrentFogID, EnvironmentStateManager::GetLightMode, EnvironmentStateManager::get_Current, GlobalZoneIndex::.ctor, GuiManager::get_Current, GuiManager::get_m_playerLayer, Interact_Timed::get_m_interactTargetAgent, Item::get_m_expeditionGearComponent, ItemEquippable::GetClassAmmoInPackAbs, ItemEquippable::GetClassAmmoMaxCap, ItemEquippable::GetCurrentClip, ItemEquippable::GetMaxClip, LG_PowerGeneratorCluster::get_m_generators, LG_PowerGeneratorCluster::get_m_serialNumber, Mastermind::TriggerSurvivalWave, Mastermind::get_Current, NavMarker::get_m_playerName, PLOC_Base::get_m_owner, PLOC_Downed::get_m_isRevived, PUI_LocalPlayerStatus::UpdateShield, PUI_LocalPlayerStatus::get_m_healthText, PUI_LocalPlayerStatus::get_m_shieldText, PUI_LocalPlayerStatus::get_m_shieldUIParent, PlaceNavMarkerOnGO::get_Player, PlaceNavMarkerOnGO::get_m_extraInfoVisible, PlaceNavMarkerOnGO::get_m_marker, PlaceNavMarkerOnGO::set_m_extraInfoVisible, PlayerGuiLayer::get_m_playerStatus, PlayerInventoryBase::get_WieldedItem, TMPro.TMP_Text::SetText, TMPro.TMP_Text::get_rectTransform, TMPro.TMP_Text::get_text, TMPro.TMP_Text::get_textBounds, TMPro.TMP_Text::set_alignment, TMPro.TMP_Text::set_enableAutoSizing, TMPro.TMP_Text::set_enableVertexGradient, TMPro.TMP_Text::set_margin, TMPro.TMP_Text::set_overflowMode, TMPro.TMP_Text::set_overrideColorTags, TMPro.TMP_Text::set_richText, TMPro.TextMeshPro::get_transform, WardenObjectiveManager::AttemptInteract, WardenObjectiveManager::ForceCompleteObjectiveAll, WardenObjectiveManager::HasWardenObjectiveDataForLayer, WardenObjectiveManager::SetExtraTime, WardenObjectiveManager::TryGetWardenObjective, WardenObjectiveManager::get_Current, WorldEventManager::ExecuteEvent, WorldEventManager::get_Current | native.exact-player-reads: Agents.Agent::get_Alive, Agents.Agent::get_CourseNode, Agents.Agent::get_IsLocallyOwned, Agents.Agent::get_Position, Agents.AgentReplicatedActions::PlayerReviveAction, Dam_PlayerDamageBase::ModifyInfection, Dam_PlayerDamageBase::get_Infection, Dam_PlayerDamageBase::get_Owner, Dam_SyncedDamageBase::BulletDamage, Dam_SyncedDamageBase::SendSetDead, Dam_SyncedDamageBase::get_Health, Dam_SyncedDamageBase::get_HealthMax, Dam_SyncedDamageBase::get_IsSetup, Player.BackpackItem::get_Instance, Player.LocalPlayerAgent::get_m_pingPos, Player.PlayerAgent::RequestWarpToSync, Player.PlayerAgent::SampleWarpPosition, Player.PlayerAgent::get_Damage, Player.PlayerAgent::get_Inventory, Player.PlayerAgent::get_Locomotion, Player.PlayerAgent::get_NavMarker, Player.PlayerAgent::get_Owner, Player.PlayerAgent::get_PlayerSlotIndex, Player.PlayerAgent::get_m_warpableStates, Player.PlayerBackpack::get_PocketItemsGroups, Player.PlayerBackpack::get_Slots, Player.PlayerBackpackManager::TryGetBackpack, Player.PlayerLocomotion::get_m_currentStateEnum, Player.PlayerManager::get_PlayerAgentsInLevel, Player.PlayerVoiceManager::WantToSay, Player.pPlayerSpawnData::get_locationData, Player.pPlayerSpawnData::get_snetPlayer, SNetwork.SNet::get_HasLocalPlayer, SNetwork.SNet::get_IsMaster, SNetwork.SNet::get_LocalPlayer, SNetwork.SNet::get_SessionHub, SNetwork.SNetStructs/pPlayer::TryGetPlayer, SNetwork.SNet_Player::PlayerSlotIndex, SNetwork.SNet_Player::get_IsBot, SNetwork.SNet_Player::get_IsLocal, SNetwork.SNet_Player::get_IsMaster, SNetwork.SNet_Player::get_Lookup, SNetwork.SNet_Player::get_PlayerAgent, SNetwork.SNet_SessionHub::get_PlayersInSession, SNetwork.SNet_StateReplicator`2::get_State | native.exact-map-object-reads: rows=52 resolved=52 actual=79 expected=34 missing=AIGraph.AIG_CourseNode::get_m_zone, AIGraph.AIG_CourseNode::get_s_allNodes, GameData.ChainedPuzzleDataBlock::get_PublicAlarmName, GameData.GameDataBlockBase`1::GetAllBlocks, GameData.GameDataBlockBase`1::GetBlock, GameData.GameDataBlockBase`1::get_persistentID, GameData.WardenObjectiveEventData::.ctor, GameData.WardenObjectiveEventData::set_Condition, GameData.WardenObjectiveEventData::set_Count, GameData.WardenObjectiveEventData::set_DialogueID, GameData.WardenObjectiveEventData::set_DimensionIndex, GameData.WardenObjectiveEventData::set_Duration, GameData.WardenObjectiveEventData::set_Enabled, GameData.WardenObjectiveEventData::set_FogSetting, GameData.WardenObjectiveEventData::set_FogTransitionDuration, GameData.WardenObjectiveEventData::set_Layer, GameData.WardenObjectiveEventData::set_LocalIndex, GameData.WardenObjectiveEventData::set_Position, GameData.WardenObjectiveEventData::set_SoundID, GameData.WardenObjectiveEventData::set_SoundSubtitle, GameData.WardenObjectiveEventData::set_SustainedEventDelay, GameData.WardenObjectiveEventData::set_SustainedEventSlotIndex, GameData.WardenObjectiveEventData::set_SustainedEventStateCount, GameData.WardenObjectiveEventData::set_SustainedEventStateDuration, GameData.WardenObjectiveEventData::set_Type, GameData.WardenObjectiveEventData::set_WardenIntel, GameData.WardenObjectiveEventData::set_WorldEventObjectFilter, GameData.WorldEventConditionPair::.ctor, GameData.WorldEventConditionPair::set_ConditionIndex, LevelGeneration.LG_ComputerTerminal::CommandIsHidden, LevelGeneration.LG_ComputerTerminal::TrySyncSetCommandHidden, LevelGeneration.LG_ComputerTerminal::TrySyncSetCommandShow, LevelGeneration.LG_Door_Sync::AttemptDoorInteraction, LevelGeneration.LG_Gate::get_m_nodes, LevelGeneration.LG_PowerGenerator_Core::get_m_serialNumber, LevelGeneration.LG_PowerGenerator_Core::get_m_stateReplicator, LevelGeneration.LG_SecurityDoor::SetupSimpleLock, LevelGeneration.LG_SecurityDoor::get_m_sync, LevelGeneration.LG_SecurityDoor_Locks::get_ChainedPuzzleToSolve, LevelGeneration.LG_SecurityDoor_Locks::get_m_hasAlarm, LevelGeneration.LG_WeakDoor::get_Gate, LevelGeneration.LG_WeakLock::get_Status, LevelGeneration.LG_WeakLock::get_m_holder, LevelGeneration.LG_WeakLock::get_m_lockType, Localization.LocalizedText::.ctor extra= | native.every-game-read-is-classified: game reads=188 player=45 map-object=79 engine=46 | native.exact-hook-set: PlayerSpawnedReadback, PlayerDespawnedReadback, DownedStateReadback, SyncedDownedStateReadback, RevivedStateReadback, ReviveInteractionReadback, PlayerDiedReadback, PlayerWarpedReadback, PlayerRespawnedReadback, DoorStateReadback, TerminalStateReadback, ExpeditionEndedReadback, PlayerDamageAccepted, PlayerInfectionWritten, PlayerBulletDamageKind, PlayerProjectileDamageKind, PlayerMeleeDamageKind, PlayerExplosionDamageKind, PlayerFallDamageKind, PlayerFireDamageKind, PlayerStickyDamageKind, PlayerParasiteDamageKind, PlayerPushDamageKind, PlayerGameEventPosted, PlayerPingMarkerSet, TeammateOverheadRender, TeammateOverheadRemoved, TeammateOverheadVisibility, DoorApproachReadback, DoorScanStartedReadback, DoorScanCompletedReadback, WeakDoorAttackedReadback, WeakDoorBrokenReadback, TerminalCommandReadbackFixed, WeakLockBrokenReadback, ScanProgressReadback, ScanStateReadback, GeneratorCellReadback, GeneratorClusterStateReadback, ResourceContainerStateReadback, ItemPickupReadback | hook.TerminalCommandReadback.present: </Message>
          <StackTrace>   at ForgeMap.Tests.MapNativeLayout.MapNativeLayoutTests.map_native_layout_checks_all_pass() in C:\Users\nainf\Github\Infini-GTFO-Mods\ForgeMap\tests\MapNativeLayout\MapNativeLayoutTests.cs:line 34&#xD;
   at System.RuntimeMethodHandle.InvokeMethod(Object target, Void** arguments, Signature sig, Boolean isConstructor)&#xD;
   at System.Reflection.MethodBaseInvoker.InvokeWithNoArgs(Object obj, BindingFlags invokeAttr)</StackTrace>
        </ErrorInfo>
      </Output>
    </UnitTestResult>
  </Results>
  <TestDefinitions>
    <UnitTest name="ForgeMap.Tests.MapNativeLayout.MapNativeLayoutTests.map_native_layout_checks_all_pass" storage="c:\users\nainf\appdata\local\temp\integmap\art\bin\mapnativelayout\debug\mapnativelayout.dll" id="5982a76d-23d2-ebc6-88e4-b68e1f0b6f8b">
      <Execution id="9e78011f-feba-421a-b886-89a8c98c74b8" />
      <TestMethod codeBase="C:\Users\nainf\AppData\Local\Temp\integmap\art\bin\MapNativeLayout\debug\MapNativeLayout.dll" adapterTypeName="executor://xunit/VsTestRunner3/netcore/" className="ForgeMap.Tests.MapNativeLayout.MapNativeLayoutTests" name="map_native_layout_checks_all_pass" />
    </UnitTest>
  </TestDefinitions>
  <TestEntries>
    <TestEntry testId="5982a76d-23d2-ebc6-88e4-b68e1f0b6f8b" executionId="9e78011f-feba-421a-b886-89a8c98c74b8" testListId="8c84fa94-04c1-424b-9868-57a2d4851a1d" />
  </TestEntries>
  <TestLists>
    <TestList name="Results Not in a List" id="8c84fa94-04c1-424b-9868-57a2d4851a1d" />
    <TestList name="All Loaded Results" id="19431567-8539-422a-85d7-44ee4e166bda" />
  </TestLists>
  <ResultSummary outcome="Failed">
    <Counters total="1" executed="1" passed="0" failed="1" error="0" timeout="0" aborted="0" inconclusive="0" passedButRunAborted="0" notRunnable="0" notExecuted="0" disconnected="0" warning="0" completed="0" inProgress="0" pending="0" />
    <Output>
      <StdOut>[xUnit.net 00:00:00.00] xUnit.net VSTest Adapter v3.1.5+1b188a7b0a (64-bit .NET 8.0.31)&#xD;
[xUnit.net 00:00:00.07]   Discovering: MapNativeLayout&#xD;
[xUnit.net 00:00:00.10]   Discovered:  MapNativeLayout&#xD;
[xUnit.net 00:00:00.11]   Starting:    MapNativeLayout&#xD;
[xUnit.net 00:00:01.59]       native.no-update-loop:  | native.single-provider-source:  | native.account-lookup-never-formatted:  | native.declared-writes-exact: declared=9 actual=8 missing=System.Void LevelGeneration.LG_SecurityDoor_Locks::SetActiveEnemyWaveEnabled(System.Boolean) extra= | native.game-writes-are-declared: AgentModifierManager::AddSyncedModifierValue, AgentModifierManager::ClearSyncedModifierChange, Agents.AgentReplicatedActions::PlayerReviveAction, ChainedPuzzles.ChainedPuzzleInstance::AttemptInteract, ChainedPuzzles.ChainedPuzzleInstance::MasterActivate, ChainedPuzzles.ChainedPuzzleInstance::MasterDeactivate, ChainedPuzzles.ChainedPuzzleInstance::NRofPuzzles, Dam_PlayerDamageBase::ModifyInfection, Dam_SyncedDamageBase::BulletDamage, Dam_SyncedDamageBase::SendSetDead, ElevatorShaftLanding::ActivateWinCondition, ElevatorShaftLanding::DeactivateWinCondition, EnvironmentStateManager::GetCurrentFogID, EnvironmentStateManager::GetLightMode, GameData.GameDataBlockBase`1::GetAllBlocks, GameData.GameDataBlockBase`1::GetBlock, GameData.WardenObjectiveEventData::.ctor, GameData.WardenObjectiveEventData::set_Condition, GameData.WardenObjectiveEventData::set_Count, GameData.WardenObjectiveEventData::set_DialogueID, GameData.WardenObjectiveEventData::set_DimensionIndex, GameData.WardenObjectiveEventData::set_Duration, GameData.WardenObjectiveEventData::set_Enabled, GameData.WardenObjectiveEventData::set_FogSetting, GameData.WardenObjectiveEventData::set_FogTransitionDuration, GameData.WardenObjectiveEventData::set_Layer, GameData.WardenObjectiveEventData::set_LocalIndex, GameData.WardenObjectiveEventData::set_Position, GameData.WardenObjectiveEventData::set_SoundID, GameData.WardenObjectiveEventData::set_SoundSubtitle, GameData.WardenObjectiveEventData::set_SustainedEventDelay, GameData.WardenObjectiveEventData::set_SustainedEventSlotIndex, GameData.WardenObjectiveEventData::set_SustainedEventStateCount, GameData.WardenObjectiveEventData::set_SustainedEventStateDuration, GameData.WardenObjectiveEventData::set_Type, GameData.WardenObjectiveEventData::set_WardenIntel, GameData.WardenObjectiveEventData::set_WorldEventObjectFilter, GameData.WorldEventConditionPair::.ctor, GameData.WorldEventConditionPair::set_ConditionIndex, GlobalZoneIndex::.ctor, Il2CppSystem.Collections.Generic.HashSet`1::Contains, ItemEquippable::GetClassAmmoInPackAbs, ItemEquippable::GetClassAmmoMaxCap, ItemEquippable::GetCurrentClip, ItemEquippable::GetMaxClip, LevelGeneration.LG_ComputerTerminal::CommandIsHidden, LevelGeneration.LG_ComputerTerminal::TrySyncSetCommandHidden, LevelGeneration.LG_ComputerTerminal::TrySyncSetCommandShow, LevelGeneration.LG_Door_Sync::AttemptDoorInteraction, LevelGeneration.LG_SecurityDoor::SetupSimpleLock, Localization.LocalizedText::.ctor, Mastermind::TriggerSurvivalWave, PUI_LocalPlayerStatus::UpdateShield, PlaceNavMarkerOnGO::set_m_extraInfoVisible, Player.PlayerAgent::RequestWarpToSync, Player.PlayerAgent::SampleWarpPosition, Player.PlayerBackpackManager::TryGetBackpack, Player.PlayerVoiceManager::WantToSay, SNetwork.SNetStructs/pPlayer::TryGetPlayer, TMPro.TMP_Text::SetText, TMPro.TMP_Text::set_alignment, TMPro.TMP_Text::set_enableAutoSizing, TMPro.TMP_Text::set_enableVertexGradient, TMPro.TMP_Text::set_margin, TMPro.TMP_Text::set_overflowMode, TMPro.TMP_Text::set_overrideColorTags, TMPro.TMP_Text::set_richText, UnityEngine.Color::.ctor, UnityEngine.GameObject::GetComponent, UnityEngine.GameObject::SetActive, UnityEngine.Object::Destroy, UnityEngine.Object::GetInstanceID, UnityEngine.Object::Instantiate, UnityEngine.Object::set_name, UnityEngine.RectTransform::set_anchorMax, UnityEngine.RectTransform::set_anchorMin, UnityEngine.RectTransform::set_anchoredPosition, UnityEngine.RectTransform::set_pivot, UnityEngine.Transform::set_localPosition, UnityEngine.Transform::set_localRotation, UnityEngine.Transform::set_localScale, UnityEngine.UI.Graphic::set_color, UnityEngine.Vector2::.ctor, UnityEngine.Vector3::.ctor, WardenObjectiveManager::AttemptInteract, WardenObjectiveManager::ForceCompleteObjectiveAll, WardenObjectiveManager::HasWardenObjectiveDataForLayer, WardenObjectiveManager::SetExtraTime, WardenObjectiveManager::TryGetWardenObjective, WorldEventManager::ExecuteEvent | native.writes-live-in-the-action-layer: DoorActions, DoorTerminalActions, PlayerHealthReceiver, TerminalActions | native.reads-are-declared: AgentModifierManager::AddSyncedModifierValue, AgentModifierManager::ClearSyncedModifierChange, ChainedPuzzles.ChainedPuzzleInstance::AttemptInteract, ChainedPuzzles.ChainedPuzzleInstance::MasterActivate, ChainedPuzzles.ChainedPuzzleInstance::MasterDeactivate, ChainedPuzzles.ChainedPuzzleInstance::NRofPuzzles, ChainedPuzzles.ChainedPuzzleInstance::get_Data, ChainedPuzzles.ChainedPuzzleInstance::get_IsActive, ChainedPuzzles.ChainedPuzzleInstance::get_IsSolved, ChainedPuzzles.ChainedPuzzleInstance::get_m_puzzleUID, ChainedPuzzles.ChainedPuzzleManager::get_Current, ChainedPuzzles.ChainedPuzzleManager::get_m_instances, ElevatorShaftLanding::ActivateWinCondition, ElevatorShaftLanding::DeactivateWinCondition, ElevatorShaftLanding::get_Current, EnvironmentStateManager::GetCurrentFogID, EnvironmentStateManager::GetLightMode, EnvironmentStateManager::get_Current, GlobalZoneIndex::.ctor, GuiManager::get_Current, GuiManager::get_m_playerLayer, Interact_Timed::get_m_interactTargetAgent, Item::get_m_expeditionGearComponent, ItemEquippable::GetClassAmmoInPackAbs, ItemEquippable::GetClassAmmoMaxCap, ItemEquippable::GetCurrentClip, ItemEquippable::GetMaxClip, LG_PowerGeneratorCluster::get_m_generators, LG_PowerGeneratorCluster::get_m_serialNumber, Mastermind::TriggerSurvivalWave, Mastermind::get_Current, NavMarker::get_m_playerName, PLOC_Base::get_m_owner, PLOC_Downed::get_m_isRevived, PUI_LocalPlayerStatus::UpdateShield, PUI_LocalPlayerStatus::get_m_healthText, PUI_LocalPlayerStatus::get_m_shieldText, PUI_LocalPlayerStatus::get_m_shieldUIParent, PlaceNavMarkerOnGO::get_Player, PlaceNavMarkerOnGO::get_m_extraInfoVisible, PlaceNavMarkerOnGO::get_m_marker, PlaceNavMarkerOnGO::set_m_extraInfoVisible, PlayerGuiLayer::get_m_playerStatus, PlayerInventoryBase::get_WieldedItem, TMPro.TMP_Text::SetText, TMPro.TMP_Text::get_rectTransform, TMPro.TMP_Text::get_text, TMPro.TMP_Text::get_textBounds, TMPro.TMP_Text::set_alignment, TMPro.TMP_Text::set_enableAutoSizing, TMPro.TMP_Text::set_enableVertexGradient, TMPro.TMP_Text::set_margin, TMPro.TMP_Text::set_overflowMode, TMPro.TMP_Text::set_overrideColorTags, TMPro.TMP_Text::set_richText, TMPro.TextMeshPro::get_transform, WardenObjectiveManager::AttemptInteract, WardenObjectiveManager::ForceCompleteObjectiveAll, WardenObjectiveManager::HasWardenObjectiveDataForLayer, WardenObjectiveManager::SetExtraTime, WardenObjectiveManager::TryGetWardenObjective, WardenObjectiveManager::get_Current, WorldEventManager::ExecuteEvent, WorldEventManager::get_Current | native.exact-player-reads: Agents.Agent::get_Alive, Agents.Agent::get_CourseNode, Agents.Agent::get_IsLocallyOwned, Agents.Agent::get_Position, Agents.AgentReplicatedActions::PlayerReviveAction, Dam_PlayerDamageBase::ModifyInfection, Dam_PlayerDamageBase::get_Infection, Dam_PlayerDamageBase::get_Owner, Dam_SyncedDamageBase::BulletDamage, Dam_SyncedDamageBase::SendSetDead, Dam_SyncedDamageBase::get_Health, Dam_SyncedDamageBase::get_HealthMax, Dam_SyncedDamageBase::get_IsSetup, Player.BackpackItem::get_Instance, Player.LocalPlayerAgent::get_m_pingPos, Player.PlayerAgent::RequestWarpToSync, Player.PlayerAgent::SampleWarpPosition, Player.PlayerAgent::get_Damage, Player.PlayerAgent::get_Inventory, Player.PlayerAgent::get_Locomotion, Player.PlayerAgent::get_NavMarker, Player.PlayerAgent::get_Owner, Player.PlayerAgent::get_PlayerSlotIndex, Player.PlayerAgent::get_m_warpableStates, Player.PlayerBackpack::get_PocketItemsGroups, Player.PlayerBackpack::get_Slots, Player.PlayerBackpackManager::TryGetBackpack, Player.PlayerLocomotion::get_m_currentStateEnum, Player.PlayerManager::get_PlayerAgentsInLevel, Player.PlayerVoiceManager::WantToSay, Player.pPlayerSpawnData::get_locationData, Player.pPlayerSpawnData::get_snetPlayer, SNetwork.SNet::get_HasLocalPlayer, SNetwork.SNet::get_IsMaster, SNetwork.SNet::get_LocalPlayer, SNetwork.SNet::get_SessionHub, SNetwork.SNetStructs/pPlayer::TryGetPlayer, SNetwork.SNet_Player::PlayerSlotIndex, SNetwork.SNet_Player::get_IsBot, SNetwork.SNet_Player::get_IsLocal, SNetwork.SNet_Player::get_IsMaster, SNetwork.SNet_Player::get_Lookup, SNetwork.SNet_Player::get_PlayerAgent, SNetwork.SNet_SessionHub::get_PlayersInSession, SNetwork.SNet_StateReplicator`2::get_State | native.exact-map-object-reads: rows=52 resolved=52 actual=79 expected=34 missing=AIGraph.AIG_CourseNode::get_m_zone, AIGraph.AIG_CourseNode::get_s_allNodes, GameData.ChainedPuzzleDataBlock::get_PublicAlarmName, GameData.GameDataBlockBase`1::GetAllBlocks, GameData.GameDataBlockBase`1::GetBlock, GameData.GameDataBlockBase`1::get_persistentID, GameData.WardenObjectiveEventData::.ctor, GameData.WardenObjectiveEventData::set_Condition, GameData.WardenObjectiveEventData::set_Count, GameData.WardenObjectiveEventData::set_DialogueID, GameData.WardenObjectiveEventData::set_DimensionIndex, GameData.WardenObjectiveEventData::set_Duration, GameData.WardenObjectiveEventData::set_Enabled, GameData.WardenObjectiveEventData::set_FogSetting, GameData.WardenObjectiveEventData::set_FogTransitionDuration, GameData.WardenObjectiveEventData::set_Layer, GameData.WardenObjectiveEventData::set_LocalIndex, GameData.WardenObjectiveEventData::set_Position, GameData.WardenObjectiveEventData::set_SoundID, GameData.WardenObjectiveEventData::set_SoundSubtitle, GameData.WardenObjectiveEventData::set_SustainedEventDelay, GameData.WardenObjectiveEventData::set_SustainedEventSlotIndex, GameData.WardenObjectiveEventData::set_SustainedEventStateCount, GameData.WardenObjectiveEventData::set_SustainedEventStateDuration, GameData.WardenObjectiveEventData::set_Type, GameData.WardenObjectiveEventData::set_WardenIntel, GameData.WardenObjectiveEventData::set_WorldEventObjectFilter, GameData.WorldEventConditionPair::.ctor, GameData.WorldEventConditionPair::set_ConditionIndex, LevelGeneration.LG_ComputerTerminal::CommandIsHidden, LevelGeneration.LG_ComputerTerminal::TrySyncSetCommandHidden, LevelGeneration.LG_ComputerTerminal::TrySyncSetCommandShow, LevelGeneration.LG_Door_Sync::AttemptDoorInteraction, LevelGeneration.LG_Gate::get_m_nodes, LevelGeneration.LG_PowerGenerator_Core::get_m_serialNumber, LevelGeneration.LG_PowerGenerator_Core::get_m_stateReplicator, LevelGeneration.LG_SecurityDoor::SetupSimpleLock, LevelGeneration.LG_SecurityDoor::get_m_sync, LevelGeneration.LG_SecurityDoor_Locks::get_ChainedPuzzleToSolve, LevelGeneration.LG_SecurityDoor_Locks::get_m_hasAlarm, LevelGeneration.LG_WeakDoor::get_Gate, LevelGeneration.LG_WeakLock::get_Status, LevelGeneration.LG_WeakLock::get_m_holder, LevelGeneration.LG_WeakLock::get_m_lockType, Localization.LocalizedText::.ctor extra= | native.every-game-read-is-classified: game reads=188 player=45 map-object=79 engine=46 | native.exact-hook-set: PlayerSpawnedReadback, PlayerDespawnedReadback, DownedStateReadback, SyncedDownedStateReadback, RevivedStateReadback, ReviveInteractionReadback, PlayerDiedReadback, PlayerWarpedReadback, PlayerRespawnedReadback, DoorStateReadback, TerminalStateReadback, ExpeditionEndedReadback, PlayerDamageAccepted, PlayerInfectionWritten, PlayerBulletDamageKind, PlayerProjectileDamageKind, PlayerMeleeDamageKind, PlayerExplosionDamageKind, PlayerFallDamageKind, PlayerFireDamageKind, PlayerStickyDamageKind, PlayerParasiteDamageKind, PlayerPushDamageKind, PlayerGameEventPosted, PlayerPingMarkerSet, TeammateOverheadRender, TeammateOverheadRemoved, TeammateOverheadVisibility, DoorApproachReadback, DoorScanStartedReadback, DoorScanCompletedReadback, WeakDoorAttackedReadback, WeakDoorBrokenReadback, TerminalCommandReadbackFixed, WeakLockBrokenReadback, ScanProgressReadback, ScanStateReadback, GeneratorCellReadback, GeneratorClusterStateReadback, ResourceContainerStateReadback, ItemPickupReadback | hook.TerminalCommandReadback.present: &#xD;
[xUnit.net 00:00:01.59]       Stack Trace:&#xD;
[xUnit.net 00:00:01.59]         C:\Users\nainf\Github\Infini-GTFO-Mods\ForgeMap\tests\MapNativeLayout\MapNativeLayoutTests.cs(34,0): at ForgeMap.Tests.MapNativeLayout.MapNativeLayoutTests.map_native_layout_checks_all_pass()&#xD;
[xUnit.net 00:00:01.59]            at System.RuntimeMethodHandle.InvokeMethod(Object target, Void** arguments, Signature sig, Boolean isConstructor)&#xD;
[xUnit.net 00:00:01.59]            at System.Reflection.MethodBaseInvoker.InvokeWithNoArgs(Object obj, BindingFlags invokeAttr)&#xD;
[xUnit.net 00:00:01.60]   Finished:    MapNativeLayout&#xD;
</StdOut>
    </Output>
    <RunInfos>
      <RunInfo computerName="NAINFINIWARE" outcome="Error" timestamp="2026-09-16T10:40:05.1655199-04:00">
        <Text>[xUnit.net 00:00:01.59]     ForgeMap.Tests.MapNativeLayout.MapNativeLayoutTests.map_native_layout_checks_all_pass [FAIL]</Text>
      </RunInfo>
    </RunInfos>
  </ResultSummary>
</TestRun>